CRITICAL - 2022-07-17 02:22:20 --> syntax error, unexpected ';'
#0 C:\xampp\htdocs\lab11_ci\Lab11Web\ci4\system\Router\Router.php(175): CodeIgniter\Router\Router->autoRoute('user/login')
#1 C:\xampp\htdocs\lab11_ci\Lab11Web\ci4\system\CodeIgniter.php(726): CodeIgniter\Router\Router->handle('user/login')
#2 C:\xampp\htdocs\lab11_ci\Lab11Web\ci4\system\CodeIgniter.php(368): CodeIgniter\CodeIgniter->tryToRouteIt(Object(CodeIgniter\Router\RouteCollection))
#3 C:\xampp\htdocs\lab11_ci\Lab11Web\ci4\system\CodeIgniter.php(326): CodeIgniter\CodeIgniter->handleRequest(NULL, Object(Config\Cache), false)
#4 C:\xampp\htdocs\lab11_ci\Lab11Web\ci4\public\index.php(37): CodeIgniter\CodeIgniter->run()
#5 C:\xampp\htdocs\lab11_ci\Lab11Web\ci4\system\Commands\Server\rewrite.php(43): require_once('C:\\xampp\\htdocs...')
#6 {main}
CRITICAL - 2022-07-17 02:29:36 --> syntax error, unexpected ';'
#0 C:\xampp\htdocs\lab11_ci\Lab11Web\ci4\system\Router\Router.php(175): CodeIgniter\Router\Router->autoRoute('user/login')
#1 C:\xampp\htdocs\lab11_ci\Lab11Web\ci4\system\CodeIgniter.php(726): CodeIgniter\Router\Router->handle('user/login')
#2 C:\xampp\htdocs\lab11_ci\Lab11Web\ci4\system\CodeIgniter.php(368): CodeIgniter\CodeIgniter->tryToRouteIt(Object(CodeIgniter\Router\RouteCollection))
#3 C:\xampp\htdocs\lab11_ci\Lab11Web\ci4\system\CodeIgniter.php(326): CodeIgniter\CodeIgniter->handleRequest(NULL, Object(Config\Cache), false)
#4 C:\xampp\htdocs\lab11_ci\Lab11Web\ci4\public\index.php(37): CodeIgniter\CodeIgniter->run()
#5 C:\xampp\htdocs\lab11_ci\Lab11Web\ci4\system\Commands\Server\rewrite.php(43): require_once('C:\\xampp\\htdocs...')
#6 {main}
CRITICAL - 2022-07-17 02:31:44 --> Invalid file: user/login.php
#0 C:\xampp\htdocs\lab11_ci\Lab11Web\ci4\system\View\View.php(198): CodeIgniter\Exceptions\FrameworkException::forInvalidFile('user/login.php')
#1 C:\xampp\htdocs\lab11_ci\Lab11Web\ci4\system\Common.php(1089): CodeIgniter\View\View->render('user/login', Array, true)
#2 C:\xampp\htdocs\lab11_ci\Lab11Web\ci4\app\Controllers\User.php(22): view('user/login')
#3 C:\xampp\htdocs\lab11_ci\Lab11Web\ci4\system\CodeIgniter.php(832): App\Controllers\User->login()
#4 C:\xampp\htdocs\lab11_ci\Lab11Web\ci4\system\CodeIgniter.php(419): CodeIgniter\CodeIgniter->runController(Object(App\Controllers\User))
#5 C:\xampp\htdocs\lab11_ci\Lab11Web\ci4\system\CodeIgniter.php(326): CodeIgniter\CodeIgniter->handleRequest(NULL, Object(Config\Cache), false)
#6 C:\xampp\htdocs\lab11_ci\Lab11Web\ci4\public\index.php(37): CodeIgniter\CodeIgniter->run()
#7 C:\xampp\htdocs\lab11_ci\Lab11Web\ci4\system\Commands\Server\rewrite.php(43): require_once('C:\\xampp\\htdocs...')
#8 {main}
CRITICAL - 2022-07-17 02:40:20 --> Invalid file: user/login.php
#0 C:\xampp\htdocs\lab11_ci\Lab11Web\ci4\system\View\View.php(198): CodeIgniter\Exceptions\FrameworkException::forInvalidFile('user/login.php')
#1 C:\xampp\htdocs\lab11_ci\Lab11Web\ci4\system\Common.php(1089): CodeIgniter\View\View->render('user/login', Array, true)
#2 C:\xampp\htdocs\lab11_ci\Lab11Web\ci4\app\Controllers\User.php(22): view('user/login')
#3 C:\xampp\htdocs\lab11_ci\Lab11Web\ci4\system\CodeIgniter.php(832): App\Controllers\User->login()
#4 C:\xampp\htdocs\lab11_ci\Lab11Web\ci4\system\CodeIgniter.php(419): CodeIgniter\CodeIgniter->runController(Object(App\Controllers\User))
#5 C:\xampp\htdocs\lab11_ci\Lab11Web\ci4\system\CodeIgniter.php(326): CodeIgniter\CodeIgniter->handleRequest(NULL, Object(Config\Cache), false)
#6 C:\xampp\htdocs\lab11_ci\Lab11Web\ci4\public\index.php(37): CodeIgniter\CodeIgniter->run()
#7 C:\xampp\htdocs\lab11_ci\Lab11Web\ci4\system\Commands\Server\rewrite.php(43): require_once('C:\\xampp\\htdocs...')
#8 {main}
CRITICAL - 2022-07-17 03:19:33 --> syntax error, unexpected 'function' (T_FUNCTION), expecting ')'
#0 C:\xampp\htdocs\lab11_ci\Lab11Web\ci4\system\CodeIgniter.php(368): CodeIgniter\CodeIgniter->tryToRouteIt(NULL)
#1 C:\xampp\htdocs\lab11_ci\Lab11Web\ci4\system\CodeIgniter.php(326): CodeIgniter\CodeIgniter->handleRequest(NULL, Object(Config\Cache), false)
#2 C:\xampp\htdocs\lab11_ci\Lab11Web\ci4\public\index.php(37): CodeIgniter\CodeIgniter->run()
#3 C:\xampp\htdocs\lab11_ci\Lab11Web\ci4\system\Commands\Server\rewrite.php(43): require_once('C:\\xampp\\htdocs...')
#4 {main}
CRITICAL - 2022-07-17 03:23:53 --> Class 'Config\App\Filters\Auth' not found
#0 C:\xampp\htdocs\lab11_ci\Lab11Web\ci4\system\CodeIgniter.php(393): CodeIgniter\Filters\Filters->run('admin/artikel', 'before')
#1 C:\xampp\htdocs\lab11_ci\Lab11Web\ci4\system\CodeIgniter.php(326): CodeIgniter\CodeIgniter->handleRequest(NULL, Object(Config\Cache), false)
#2 C:\xampp\htdocs\lab11_ci\Lab11Web\ci4\public\index.php(37): CodeIgniter\CodeIgniter->run()
#3 C:\xampp\htdocs\lab11_ci\Lab11Web\ci4\system\Commands\Server\rewrite.php(43): require_once('C:\\xampp\\htdocs...')
#4 {main}
CRITICAL - 2022-07-17 03:30:48 --> Class 'Config\App\Filters\Auth' not found
#0 C:\xampp\htdocs\lab11_ci\Lab11Web\ci4\system\CodeIgniter.php(393): CodeIgniter\Filters\Filters->run('admin/artikel', 'before')
#1 C:\xampp\htdocs\lab11_ci\Lab11Web\ci4\system\CodeIgniter.php(326): CodeIgniter\CodeIgniter->handleRequest(NULL, Object(Config\Cache), false)
#2 C:\xampp\htdocs\lab11_ci\Lab11Web\ci4\public\index.php(37): CodeIgniter\CodeIgniter->run()
#3 C:\xampp\htdocs\lab11_ci\Lab11Web\ci4\system\Commands\Server\rewrite.php(43): require_once('C:\\xampp\\htdocs...')
#4 {main}
CRITICAL - 2022-07-17 03:30:50 --> Class 'Config\App\Filters\Auth' not found
#0 C:\xampp\htdocs\lab11_ci\Lab11Web\ci4\system\CodeIgniter.php(393): CodeIgniter\Filters\Filters->run('admin/artikel', 'before')
#1 C:\xampp\htdocs\lab11_ci\Lab11Web\ci4\system\CodeIgniter.php(326): CodeIgniter\CodeIgniter->handleRequest(NULL, Object(Config\Cache), false)
#2 C:\xampp\htdocs\lab11_ci\Lab11Web\ci4\public\index.php(37): CodeIgniter\CodeIgniter->run()
#3 C:\xampp\htdocs\lab11_ci\Lab11Web\ci4\system\Commands\Server\rewrite.php(43): require_once('C:\\xampp\\htdocs...')
#4 {main}
