CRITICAL - 2022-07-15 11:41:45 --> Cannot redeclare App\Controllers\Page::about()
#0 [internal function]: CodeIgniter\Debug\Exceptions->shutdownHandler()
#1 {main}
CRITICAL - 2022-07-15 12:31:05 --> syntax error, unexpected end of file
#0 C:\xampp\htdocs\lab11_ci\ci4\system\Router\Router.php(175): CodeIgniter\Router\Router->autoRoute('artikel')
#1 C:\xampp\htdocs\lab11_ci\ci4\system\CodeIgniter.php(726): CodeIgniter\Router\Router->handle('artikel')
#2 C:\xampp\htdocs\lab11_ci\ci4\system\CodeIgniter.php(368): CodeIgniter\CodeIgniter->tryToRouteIt(Object(CodeIgniter\Router\RouteCollection))
#3 C:\xampp\htdocs\lab11_ci\ci4\system\CodeIgniter.php(326): CodeIgniter\CodeIgniter->handleRequest(NULL, Object(Config\Cache), false)
#4 C:\xampp\htdocs\lab11_ci\ci4\public\index.php(37): CodeIgniter\CodeIgniter->run()
#5 C:\xampp\htdocs\lab11_ci\ci4\system\Commands\Server\rewrite.php(43): require_once('C:\\xampp\\htdocs...')
#6 {main}
CRITICAL - 2022-07-15 12:31:08 --> syntax error, unexpected end of file
#0 C:\xampp\htdocs\lab11_ci\ci4\system\Router\Router.php(175): CodeIgniter\Router\Router->autoRoute('artikel')
#1 C:\xampp\htdocs\lab11_ci\ci4\system\CodeIgniter.php(726): CodeIgniter\Router\Router->handle('artikel')
#2 C:\xampp\htdocs\lab11_ci\ci4\system\CodeIgniter.php(368): CodeIgniter\CodeIgniter->tryToRouteIt(Object(CodeIgniter\Router\RouteCollection))
#3 C:\xampp\htdocs\lab11_ci\ci4\system\CodeIgniter.php(326): CodeIgniter\CodeIgniter->handleRequest(NULL, Object(Config\Cache), false)
#4 C:\xampp\htdocs\lab11_ci\ci4\public\index.php(37): CodeIgniter\CodeIgniter->run()
#5 C:\xampp\htdocs\lab11_ci\ci4\system\Commands\Server\rewrite.php(43): require_once('C:\\xampp\\htdocs...')
#6 {main}
CRITICAL - 2022-07-15 12:45:25 --> Class 'App\Controllers\PageNotFoundException' not found
#0 C:\xampp\htdocs\lab11_ci\ci4\system\CodeIgniter.php(832): App\Controllers\Artikel->view('artikel-kedua')
#1 C:\xampp\htdocs\lab11_ci\ci4\system\CodeIgniter.php(419): CodeIgniter\CodeIgniter->runController(Object(App\Controllers\Artikel))
#2 C:\xampp\htdocs\lab11_ci\ci4\system\CodeIgniter.php(326): CodeIgniter\CodeIgniter->handleRequest(NULL, Object(Config\Cache), false)
#3 C:\xampp\htdocs\lab11_ci\ci4\public\index.php(37): CodeIgniter\CodeIgniter->run()
#4 C:\xampp\htdocs\lab11_ci\ci4\system\Commands\Server\rewrite.php(43): require_once('C:\\xampp\\htdocs...')
#5 {main}
CRITICAL - 2022-07-15 12:53:58 --> Class 'App\Controllers\PageNotFoundException' not found
#0 C:\xampp\htdocs\lab11_ci\ci4\system\CodeIgniter.php(832): App\Controllers\Artikel->view('artikel-kedua')
#1 C:\xampp\htdocs\lab11_ci\ci4\system\CodeIgniter.php(419): CodeIgniter\CodeIgniter->runController(Object(App\Controllers\Artikel))
#2 C:\xampp\htdocs\lab11_ci\ci4\system\CodeIgniter.php(326): CodeIgniter\CodeIgniter->handleRequest(NULL, Object(Config\Cache), false)
#3 C:\xampp\htdocs\lab11_ci\ci4\public\index.php(37): CodeIgniter\CodeIgniter->run()
#4 C:\xampp\htdocs\lab11_ci\ci4\system\Commands\Server\rewrite.php(43): require_once('C:\\xampp\\htdocs...')
#5 {main}
CRITICAL - 2022-07-15 12:55:15 --> Undefined variable: row
#0 C:\xampp\htdocs\lab11_ci\ci4\app\Views\artikel\detail.php(6): CodeIgniter\Debug\Exceptions->errorHandler(8, 'Undefined varia...', 'C:\\xampp\\htdocs...', 6, Array)
#1 C:\xampp\htdocs\lab11_ci\ci4\system\View\View.php(210): include('C:\\xampp\\htdocs...')
#2 C:\xampp\htdocs\lab11_ci\ci4\system\View\View.php(213): CodeIgniter\View\View->CodeIgniter\View\{closure}()
#3 C:\xampp\htdocs\lab11_ci\ci4\system\Common.php(1089): CodeIgniter\View\View->render('artikel/detail', Array, true)
#4 C:\xampp\htdocs\lab11_ci\ci4\app\Controllers\Artikel.php(24): view('artikel/detail', Array)
#5 C:\xampp\htdocs\lab11_ci\ci4\system\CodeIgniter.php(832): App\Controllers\Artikel->view('artikel-kedua')
#6 C:\xampp\htdocs\lab11_ci\ci4\system\CodeIgniter.php(419): CodeIgniter\CodeIgniter->runController(Object(App\Controllers\Artikel))
#7 C:\xampp\htdocs\lab11_ci\ci4\system\CodeIgniter.php(326): CodeIgniter\CodeIgniter->handleRequest(NULL, Object(Config\Cache), false)
#8 C:\xampp\htdocs\lab11_ci\ci4\public\index.php(37): CodeIgniter\CodeIgniter->run()
#9 C:\xampp\htdocs\lab11_ci\ci4\system\Commands\Server\rewrite.php(43): require_once('C:\\xampp\\htdocs...')
#10 {main}
CRITICAL - 2022-07-15 12:55:55 --> Class 'App\Controllers\PageNotFoundException' not found
#0 C:\xampp\htdocs\lab11_ci\ci4\system\CodeIgniter.php(832): App\Controllers\Artikel->view('artikel-kedua')
#1 C:\xampp\htdocs\lab11_ci\ci4\system\CodeIgniter.php(419): CodeIgniter\CodeIgniter->runController(Object(App\Controllers\Artikel))
#2 C:\xampp\htdocs\lab11_ci\ci4\system\CodeIgniter.php(326): CodeIgniter\CodeIgniter->handleRequest(NULL, Object(Config\Cache), false)
#3 C:\xampp\htdocs\lab11_ci\ci4\public\index.php(37): CodeIgniter\CodeIgniter->run()
#4 C:\xampp\htdocs\lab11_ci\ci4\system\Commands\Server\rewrite.php(43): require_once('C:\\xampp\\htdocs...')
#5 {main}
CRITICAL - 2022-07-15 14:15:18 --> Class 'App\Controllers\PageNotFoundException' not found
#0 C:\xampp\htdocs\lab11_ci\ci4\system\CodeIgniter.php(832): App\Controllers\Artikel->view('artikel-kedua')
#1 C:\xampp\htdocs\lab11_ci\ci4\system\CodeIgniter.php(419): CodeIgniter\CodeIgniter->runController(Object(App\Controllers\Artikel))
#2 C:\xampp\htdocs\lab11_ci\ci4\system\CodeIgniter.php(326): CodeIgniter\CodeIgniter->handleRequest(NULL, Object(Config\Cache), false)
#3 C:\xampp\htdocs\lab11_ci\ci4\public\index.php(37): CodeIgniter\CodeIgniter->run()
#4 C:\xampp\htdocs\lab11_ci\ci4\system\Commands\Server\rewrite.php(43): require_once('C:\\xampp\\htdocs...')
#5 {main}
CRITICAL - 2022-07-15 20:52:54 --> Class 'App\Controllers\PageNotFoundException' not found
#0 C:\xampp\htdocs\lab11_ci\ci4\system\CodeIgniter.php(832): App\Controllers\Artikel->view('artikel_kedua')
#1 C:\xampp\htdocs\lab11_ci\ci4\system\CodeIgniter.php(419): CodeIgniter\CodeIgniter->runController(Object(App\Controllers\Artikel))
#2 C:\xampp\htdocs\lab11_ci\ci4\system\CodeIgniter.php(326): CodeIgniter\CodeIgniter->handleRequest(NULL, Object(Config\Cache), false)
#3 C:\xampp\htdocs\lab11_ci\ci4\public\index.php(37): CodeIgniter\CodeIgniter->run()
#4 {main}
CRITICAL - 2022-07-15 21:39:35 --> Invalid file: artikel/admin_index.php
#0 C:\xampp\htdocs\lab11_ci\ci4\system\View\View.php(198): CodeIgniter\Exceptions\FrameworkException::forInvalidFile('artikel/admin_i...')
#1 C:\xampp\htdocs\lab11_ci\ci4\system\Common.php(1089): CodeIgniter\View\View->render('artikel/admin_i...', Array, true)
#2 C:\xampp\htdocs\lab11_ci\ci4\app\Controllers\Artikel.php(31): view('artikel/admin_i...', Array)
#3 C:\xampp\htdocs\lab11_ci\ci4\system\CodeIgniter.php(832): App\Controllers\Artikel->admin_index()
#4 C:\xampp\htdocs\lab11_ci\ci4\system\CodeIgniter.php(419): CodeIgniter\CodeIgniter->runController(Object(App\Controllers\Artikel))
#5 C:\xampp\htdocs\lab11_ci\ci4\system\CodeIgniter.php(326): CodeIgniter\CodeIgniter->handleRequest(NULL, Object(Config\Cache), false)
#6 C:\xampp\htdocs\lab11_ci\ci4\public\index.php(37): CodeIgniter\CodeIgniter->run()
#7 C:\xampp\htdocs\lab11_ci\ci4\system\Commands\Server\rewrite.php(43): require_once('C:\\xampp\\htdocs...')
#8 {main}
CRITICAL - 2022-07-15 21:42:16 --> Class 'App\Controllers\PageNotFoundException' not found
#0 C:\xampp\htdocs\lab11_ci\ci4\system\CodeIgniter.php(832): App\Controllers\Artikel->view('artikel-kedua')
#1 C:\xampp\htdocs\lab11_ci\ci4\system\CodeIgniter.php(419): CodeIgniter\CodeIgniter->runController(Object(App\Controllers\Artikel))
#2 C:\xampp\htdocs\lab11_ci\ci4\system\CodeIgniter.php(326): CodeIgniter\CodeIgniter->handleRequest(NULL, Object(Config\Cache), false)
#3 C:\xampp\htdocs\lab11_ci\ci4\public\index.php(37): CodeIgniter\CodeIgniter->run()
#4 C:\xampp\htdocs\lab11_ci\ci4\system\Commands\Server\rewrite.php(43): require_once('C:\\xampp\\htdocs...')
#5 {main}
CRITICAL - 2022-07-15 21:42:48 --> Undefined variable: row
#0 C:\xampp\htdocs\lab11_ci\ci4\app\Views\artikel\detail.php(6): CodeIgniter\Debug\Exceptions->errorHandler(8, 'Undefined varia...', 'C:\\xampp\\htdocs...', 6, Array)
#1 C:\xampp\htdocs\lab11_ci\ci4\system\View\View.php(210): include('C:\\xampp\\htdocs...')
#2 C:\xampp\htdocs\lab11_ci\ci4\system\View\View.php(213): CodeIgniter\View\View->CodeIgniter\View\{closure}()
#3 C:\xampp\htdocs\lab11_ci\ci4\system\Common.php(1089): CodeIgniter\View\View->render('artikel/detail', Array, true)
#4 C:\xampp\htdocs\lab11_ci\ci4\app\Controllers\Artikel.php(21): view('artikel/detail', Array)
#5 C:\xampp\htdocs\lab11_ci\ci4\system\CodeIgniter.php(832): App\Controllers\Artikel->view('artikel-kedua')
#6 C:\xampp\htdocs\lab11_ci\ci4\system\CodeIgniter.php(419): CodeIgniter\CodeIgniter->runController(Object(App\Controllers\Artikel))
#7 C:\xampp\htdocs\lab11_ci\ci4\system\CodeIgniter.php(326): CodeIgniter\CodeIgniter->handleRequest(NULL, Object(Config\Cache), false)
#8 C:\xampp\htdocs\lab11_ci\ci4\public\index.php(37): CodeIgniter\CodeIgniter->run()
#9 C:\xampp\htdocs\lab11_ci\ci4\system\Commands\Server\rewrite.php(43): require_once('C:\\xampp\\htdocs...')
#10 {main}
CRITICAL - 2022-07-15 21:43:18 --> Invalid file: artikel/admin_index.php
#0 C:\xampp\htdocs\lab11_ci\ci4\system\View\View.php(198): CodeIgniter\Exceptions\FrameworkException::forInvalidFile('artikel/admin_i...')
#1 C:\xampp\htdocs\lab11_ci\ci4\system\Common.php(1089): CodeIgniter\View\View->render('artikel/admin_i...', Array, true)
#2 C:\xampp\htdocs\lab11_ci\ci4\app\Controllers\Artikel.php(28): view('artikel/admin_i...', Array)
#3 C:\xampp\htdocs\lab11_ci\ci4\system\CodeIgniter.php(832): App\Controllers\Artikel->admin_index()
#4 C:\xampp\htdocs\lab11_ci\ci4\system\CodeIgniter.php(419): CodeIgniter\CodeIgniter->runController(Object(App\Controllers\Artikel))
#5 C:\xampp\htdocs\lab11_ci\ci4\system\CodeIgniter.php(326): CodeIgniter\CodeIgniter->handleRequest(NULL, Object(Config\Cache), false)
#6 C:\xampp\htdocs\lab11_ci\ci4\public\index.php(37): CodeIgniter\CodeIgniter->run()
#7 C:\xampp\htdocs\lab11_ci\ci4\system\Commands\Server\rewrite.php(43): require_once('C:\\xampp\\htdocs...')
#8 {main}
CRITICAL - 2022-07-15 21:43:20 --> Invalid file: artikel/admin_index.php
#0 C:\xampp\htdocs\lab11_ci\ci4\system\View\View.php(198): CodeIgniter\Exceptions\FrameworkException::forInvalidFile('artikel/admin_i...')
#1 C:\xampp\htdocs\lab11_ci\ci4\system\Common.php(1089): CodeIgniter\View\View->render('artikel/admin_i...', Array, true)
#2 C:\xampp\htdocs\lab11_ci\ci4\app\Controllers\Artikel.php(28): view('artikel/admin_i...', Array)
#3 C:\xampp\htdocs\lab11_ci\ci4\system\CodeIgniter.php(832): App\Controllers\Artikel->admin_index()
#4 C:\xampp\htdocs\lab11_ci\ci4\system\CodeIgniter.php(419): CodeIgniter\CodeIgniter->runController(Object(App\Controllers\Artikel))
#5 C:\xampp\htdocs\lab11_ci\ci4\system\CodeIgniter.php(326): CodeIgniter\CodeIgniter->handleRequest(NULL, Object(Config\Cache), false)
#6 C:\xampp\htdocs\lab11_ci\ci4\public\index.php(37): CodeIgniter\CodeIgniter->run()
#7 C:\xampp\htdocs\lab11_ci\ci4\system\Commands\Server\rewrite.php(43): require_once('C:\\xampp\\htdocs...')
#8 {main}
CRITICAL - 2022-07-15 21:45:25 --> Invalid file: artikel/admin_index.php
#0 C:\xampp\htdocs\lab11_ci\ci4\system\View\View.php(198): CodeIgniter\Exceptions\FrameworkException::forInvalidFile('artikel/admin_i...')
#1 C:\xampp\htdocs\lab11_ci\ci4\system\Common.php(1089): CodeIgniter\View\View->render('artikel/admin_i...', Array, true)
#2 C:\xampp\htdocs\lab11_ci\ci4\app\Controllers\Artikel.php(28): view('artikel/admin_i...', Array)
#3 C:\xampp\htdocs\lab11_ci\ci4\system\CodeIgniter.php(832): App\Controllers\Artikel->admin_index()
#4 C:\xampp\htdocs\lab11_ci\ci4\system\CodeIgniter.php(419): CodeIgniter\CodeIgniter->runController(Object(App\Controllers\Artikel))
#5 C:\xampp\htdocs\lab11_ci\ci4\system\CodeIgniter.php(326): CodeIgniter\CodeIgniter->handleRequest(NULL, Object(Config\Cache), false)
#6 C:\xampp\htdocs\lab11_ci\ci4\public\index.php(37): CodeIgniter\CodeIgniter->run()
#7 C:\xampp\htdocs\lab11_ci\ci4\system\Commands\Server\rewrite.php(43): require_once('C:\\xampp\\htdocs...')
#8 {main}
CRITICAL - 2022-07-15 21:53:48 --> Undefined variable: row
#0 C:\xampp\htdocs\lab11_ci\ci4\app\Views\artikel\detail.php(6): CodeIgniter\Debug\Exceptions->errorHandler(8, 'Undefined varia...', 'C:\\xampp\\htdocs...', 6, Array)
#1 C:\xampp\htdocs\lab11_ci\ci4\system\View\View.php(210): include('C:\\xampp\\htdocs...')
#2 C:\xampp\htdocs\lab11_ci\ci4\system\View\View.php(213): CodeIgniter\View\View->CodeIgniter\View\{closure}()
#3 C:\xampp\htdocs\lab11_ci\ci4\system\Common.php(1089): CodeIgniter\View\View->render('artikel/detail', Array, true)
#4 C:\xampp\htdocs\lab11_ci\ci4\app\Controllers\Artikel.php(21): view('artikel/detail', Array)
#5 C:\xampp\htdocs\lab11_ci\ci4\system\CodeIgniter.php(832): App\Controllers\Artikel->view('artikel-kedua')
#6 C:\xampp\htdocs\lab11_ci\ci4\system\CodeIgniter.php(419): CodeIgniter\CodeIgniter->runController(Object(App\Controllers\Artikel))
#7 C:\xampp\htdocs\lab11_ci\ci4\system\CodeIgniter.php(326): CodeIgniter\CodeIgniter->handleRequest(NULL, Object(Config\Cache), false)
#8 C:\xampp\htdocs\lab11_ci\ci4\public\index.php(37): CodeIgniter\CodeIgniter->run()
#9 C:\xampp\htdocs\lab11_ci\ci4\system\Commands\Server\rewrite.php(43): require_once('C:\\xampp\\htdocs...')
#10 {main}
CRITICAL - 2022-07-15 21:53:50 --> Invalid file: artikel/admin_index.php
#0 C:\xampp\htdocs\lab11_ci\ci4\system\View\View.php(198): CodeIgniter\Exceptions\FrameworkException::forInvalidFile('artikel/admin_i...')
#1 C:\xampp\htdocs\lab11_ci\ci4\system\Common.php(1089): CodeIgniter\View\View->render('artikel/admin_i...', Array, true)
#2 C:\xampp\htdocs\lab11_ci\ci4\app\Controllers\Artikel.php(28): view('artikel/admin_i...', Array)
#3 C:\xampp\htdocs\lab11_ci\ci4\system\CodeIgniter.php(832): App\Controllers\Artikel->admin_index()
#4 C:\xampp\htdocs\lab11_ci\ci4\system\CodeIgniter.php(419): CodeIgniter\CodeIgniter->runController(Object(App\Controllers\Artikel))
#5 C:\xampp\htdocs\lab11_ci\ci4\system\CodeIgniter.php(326): CodeIgniter\CodeIgniter->handleRequest(NULL, Object(Config\Cache), false)
#6 C:\xampp\htdocs\lab11_ci\ci4\public\index.php(37): CodeIgniter\CodeIgniter->run()
#7 C:\xampp\htdocs\lab11_ci\ci4\system\Commands\Server\rewrite.php(43): require_once('C:\\xampp\\htdocs...')
#8 {main}
CRITICAL - 2022-07-15 21:53:51 --> Invalid file: artikel/admin_index.php
#0 C:\xampp\htdocs\lab11_ci\ci4\system\View\View.php(198): CodeIgniter\Exceptions\FrameworkException::forInvalidFile('artikel/admin_i...')
#1 C:\xampp\htdocs\lab11_ci\ci4\system\Common.php(1089): CodeIgniter\View\View->render('artikel/admin_i...', Array, true)
#2 C:\xampp\htdocs\lab11_ci\ci4\app\Controllers\Artikel.php(28): view('artikel/admin_i...', Array)
#3 C:\xampp\htdocs\lab11_ci\ci4\system\CodeIgniter.php(832): App\Controllers\Artikel->admin_index()
#4 C:\xampp\htdocs\lab11_ci\ci4\system\CodeIgniter.php(419): CodeIgniter\CodeIgniter->runController(Object(App\Controllers\Artikel))
#5 C:\xampp\htdocs\lab11_ci\ci4\system\CodeIgniter.php(326): CodeIgniter\CodeIgniter->handleRequest(NULL, Object(Config\Cache), false)
#6 C:\xampp\htdocs\lab11_ci\ci4\public\index.php(37): CodeIgniter\CodeIgniter->run()
#7 C:\xampp\htdocs\lab11_ci\ci4\system\Commands\Server\rewrite.php(43): require_once('C:\\xampp\\htdocs...')
#8 {main}
CRITICAL - 2022-07-15 22:05:30 --> Undefined variable: row
#0 C:\xampp\htdocs\lab11_ci\ci4\app\Views\artikel\detail.php(6): CodeIgniter\Debug\Exceptions->errorHandler(8, 'Undefined varia...', 'C:\\xampp\\htdocs...', 6, Array)
#1 C:\xampp\htdocs\lab11_ci\ci4\system\View\View.php(210): include('C:\\xampp\\htdocs...')
#2 C:\xampp\htdocs\lab11_ci\ci4\system\View\View.php(213): CodeIgniter\View\View->CodeIgniter\View\{closure}()
#3 C:\xampp\htdocs\lab11_ci\ci4\system\Common.php(1089): CodeIgniter\View\View->render('artikel/detail', Array, true)
#4 C:\xampp\htdocs\lab11_ci\ci4\app\Controllers\Artikel.php(21): view('artikel/detail', Array)
#5 C:\xampp\htdocs\lab11_ci\ci4\system\CodeIgniter.php(832): App\Controllers\Artikel->view('artikel-kedua')
#6 C:\xampp\htdocs\lab11_ci\ci4\system\CodeIgniter.php(419): CodeIgniter\CodeIgniter->runController(Object(App\Controllers\Artikel))
#7 C:\xampp\htdocs\lab11_ci\ci4\system\CodeIgniter.php(326): CodeIgniter\CodeIgniter->handleRequest(NULL, Object(Config\Cache), false)
#8 C:\xampp\htdocs\lab11_ci\ci4\public\index.php(37): CodeIgniter\CodeIgniter->run()
#9 C:\xampp\htdocs\lab11_ci\ci4\system\Commands\Server\rewrite.php(43): require_once('C:\\xampp\\htdocs...')
#10 {main}
CRITICAL - 2022-07-15 22:06:21 --> Class 'App\Controllers\PageNotFoundException' not found
#0 C:\xampp\htdocs\lab11_ci\ci4\system\CodeIgniter.php(832): App\Controllers\Artikel->view('artikel-kedua')
#1 C:\xampp\htdocs\lab11_ci\ci4\system\CodeIgniter.php(419): CodeIgniter\CodeIgniter->runController(Object(App\Controllers\Artikel))
#2 C:\xampp\htdocs\lab11_ci\ci4\system\CodeIgniter.php(326): CodeIgniter\CodeIgniter->handleRequest(NULL, Object(Config\Cache), false)
#3 C:\xampp\htdocs\lab11_ci\ci4\public\index.php(37): CodeIgniter\CodeIgniter->run()
#4 C:\xampp\htdocs\lab11_ci\ci4\system\Commands\Server\rewrite.php(43): require_once('C:\\xampp\\htdocs...')
#5 {main}
CRITICAL - 2022-07-15 22:43:43 --> syntax error, unexpected '}'
#0 C:\xampp\htdocs\lab11_ci\ci4\system\Autoloader\Autoloader.php(241): CodeIgniter\Autoloader\Autoloader->includeFile('C:\\xampp\\htdocs...')
#1 C:\xampp\htdocs\lab11_ci\ci4\system\Autoloader\Autoloader.php(219): CodeIgniter\Autoloader\Autoloader->loadInNamespace('App\\Controllers...')
#2 [internal function]: CodeIgniter\Autoloader\Autoloader->loadClass('App\\Controllers...')
#3 [internal function]: spl_autoload_call('App\\Controllers...')
#4 C:\xampp\htdocs\lab11_ci\ci4\system\CodeIgniter.php(797): class_exists('\\App\\Controller...', true)
#5 C:\xampp\htdocs\lab11_ci\ci4\system\CodeIgniter.php(406): CodeIgniter\CodeIgniter->startController()
#6 C:\xampp\htdocs\lab11_ci\ci4\system\CodeIgniter.php(326): CodeIgniter\CodeIgniter->handleRequest(NULL, Object(Config\Cache), false)
#7 C:\xampp\htdocs\lab11_ci\ci4\public\index.php(37): CodeIgniter\CodeIgniter->run()
#8 C:\xampp\htdocs\lab11_ci\ci4\system\Commands\Server\rewrite.php(43): require_once('C:\\xampp\\htdocs...')
#9 {main}
CRITICAL - 2022-07-15 23:14:49 --> syntax error, unexpected ')'
#0 C:\xampp\htdocs\lab11_ci\ci4\system\Autoloader\Autoloader.php(241): CodeIgniter\Autoloader\Autoloader->includeFile('C:\\xampp\\htdocs...')
#1 C:\xampp\htdocs\lab11_ci\ci4\system\Autoloader\Autoloader.php(219): CodeIgniter\Autoloader\Autoloader->loadInNamespace('App\\Controllers...')
#2 [internal function]: CodeIgniter\Autoloader\Autoloader->loadClass('App\\Controllers...')
#3 [internal function]: spl_autoload_call('App\\Controllers...')
#4 C:\xampp\htdocs\lab11_ci\ci4\system\CodeIgniter.php(797): class_exists('\\App\\Controller...', true)
#5 C:\xampp\htdocs\lab11_ci\ci4\system\CodeIgniter.php(406): CodeIgniter\CodeIgniter->startController()
#6 C:\xampp\htdocs\lab11_ci\ci4\system\CodeIgniter.php(326): CodeIgniter\CodeIgniter->handleRequest(NULL, Object(Config\Cache), false)
#7 C:\xampp\htdocs\lab11_ci\ci4\public\index.php(37): CodeIgniter\CodeIgniter->run()
#8 C:\xampp\htdocs\lab11_ci\ci4\system\Commands\Server\rewrite.php(43): require_once('C:\\xampp\\htdocs...')
#9 {main}
