CRITICAL - 2022-07-18 04:41:12 --> The original file is not a valid file.
#0 C:\xampp\htdocs\lab11_ci\Lab11Web\ci4\system\HTTP\Files\UploadedFile.php(137): CodeIgniter\HTTP\Exceptions\HTTPException::forInvalidFile()
#1 C:\xampp\htdocs\lab11_ci\Lab11Web\ci4\app\Controllers\Artikel.php(53): CodeIgniter\HTTP\Files\UploadedFile->move('C:\\xampp\\htdocs...')
#2 C:\xampp\htdocs\lab11_ci\Lab11Web\ci4\system\CodeIgniter.php(832): App\Controllers\Artikel->add()
#3 C:\xampp\htdocs\lab11_ci\Lab11Web\ci4\system\CodeIgniter.php(419): CodeIgniter\CodeIgniter->runController(Object(App\Controllers\Artikel))
#4 C:\xampp\htdocs\lab11_ci\Lab11Web\ci4\system\CodeIgniter.php(326): CodeIgniter\CodeIgniter->handleRequest(NULL, Object(Config\Cache), false)
#5 C:\xampp\htdocs\lab11_ci\Lab11Web\ci4\public\index.php(37): CodeIgniter\CodeIgniter->run()
#6 C:\xampp\htdocs\lab11_ci\Lab11Web\ci4\system\Commands\Server\rewrite.php(43): require_once('C:\\xampp\\htdocs...')
#7 {main}
CRITICAL - 2022-07-18 05:01:02 --> The original file is not a valid file.
#0 C:\xampp\htdocs\lab11_ci\Lab11Web\ci4\system\HTTP\Files\UploadedFile.php(137): CodeIgniter\HTTP\Exceptions\HTTPException::forInvalidFile()
#1 C:\xampp\htdocs\lab11_ci\Lab11Web\ci4\app\Controllers\Artikel.php(53): CodeIgniter\HTTP\Files\UploadedFile->move('C:\\xampp\\htdocs...')
#2 C:\xampp\htdocs\lab11_ci\Lab11Web\ci4\system\CodeIgniter.php(832): App\Controllers\Artikel->add()
#3 C:\xampp\htdocs\lab11_ci\Lab11Web\ci4\system\CodeIgniter.php(419): CodeIgniter\CodeIgniter->runController(Object(App\Controllers\Artikel))
#4 C:\xampp\htdocs\lab11_ci\Lab11Web\ci4\system\CodeIgniter.php(326): CodeIgniter\CodeIgniter->handleRequest(NULL, Object(Config\Cache), false)
#5 C:\xampp\htdocs\lab11_ci\Lab11Web\ci4\public\index.php(37): CodeIgniter\CodeIgniter->run()
#6 C:\xampp\htdocs\lab11_ci\Lab11Web\ci4\system\Commands\Server\rewrite.php(43): require_once('C:\\xampp\\htdocs...')
#7 {main}
CRITICAL - 2022-07-18 05:01:55 --> The original file is not a valid file.
#0 C:\xampp\htdocs\lab11_ci\Lab11Web\ci4\system\HTTP\Files\UploadedFile.php(137): CodeIgniter\HTTP\Exceptions\HTTPException::forInvalidFile()
#1 C:\xampp\htdocs\lab11_ci\Lab11Web\ci4\app\Controllers\Artikel.php(53): CodeIgniter\HTTP\Files\UploadedFile->move('C:\\xampp\\htdocs...')
#2 C:\xampp\htdocs\lab11_ci\Lab11Web\ci4\system\CodeIgniter.php(832): App\Controllers\Artikel->add()
#3 C:\xampp\htdocs\lab11_ci\Lab11Web\ci4\system\CodeIgniter.php(419): CodeIgniter\CodeIgniter->runController(Object(App\Controllers\Artikel))
#4 C:\xampp\htdocs\lab11_ci\Lab11Web\ci4\system\CodeIgniter.php(326): CodeIgniter\CodeIgniter->handleRequest(NULL, Object(Config\Cache), false)
#5 C:\xampp\htdocs\lab11_ci\Lab11Web\ci4\public\index.php(37): CodeIgniter\CodeIgniter->run()
#6 C:\xampp\htdocs\lab11_ci\Lab11Web\ci4\system\Commands\Server\rewrite.php(43): require_once('C:\\xampp\\htdocs...')
#7 {main}
CRITICAL - 2022-07-18 05:18:43 --> The original file is not a valid file.
#0 C:\xampp\htdocs\lab11_ci\Lab11Web\ci4\system\HTTP\Files\UploadedFile.php(137): CodeIgniter\HTTP\Exceptions\HTTPException::forInvalidFile()
#1 C:\xampp\htdocs\lab11_ci\Lab11Web\ci4\app\Controllers\Artikel.php(53): CodeIgniter\HTTP\Files\UploadedFile->move('C:\\xampp\\htdocs...')
#2 C:\xampp\htdocs\lab11_ci\Lab11Web\ci4\system\CodeIgniter.php(832): App\Controllers\Artikel->add()
#3 C:\xampp\htdocs\lab11_ci\Lab11Web\ci4\system\CodeIgniter.php(419): CodeIgniter\CodeIgniter->runController(Object(App\Controllers\Artikel))
#4 C:\xampp\htdocs\lab11_ci\Lab11Web\ci4\system\CodeIgniter.php(326): CodeIgniter\CodeIgniter->handleRequest(NULL, Object(Config\Cache), false)
#5 C:\xampp\htdocs\lab11_ci\Lab11Web\ci4\public\index.php(37): CodeIgniter\CodeIgniter->run()
#6 C:\xampp\htdocs\lab11_ci\Lab11Web\ci4\system\Commands\Server\rewrite.php(43): require_once('C:\\xampp\\htdocs...')
#7 {main}
